{
  "RSpec": {
    "coverage": {
      "/Users/meaganwaller/rubytic/spec/lib/ai_spec.rb": [
        1,
        1,
        1,
        null,
        1,
        1,
        14,
        14,
        14,
        14,
        14,
        null,
        null,
        1,
        1,
        null,
        null,
        null,
        1,
        1,
        1,
        null,
        null,
        1,
        1,
        null,
        null,
        1,
        1,
        1,
        1,
        1,
        null,
        null,
        1,
        1,
        1,
        1,
        1,
        null,
        null,
        1,
        1,
        8,
        8,
        8,
        null,
        null,
        1,
        1,
        1,
        1,
        null,
        null,
        1,
        1,
        1,
        1,
        null,
        null,
        1,
        1,
        1,
        1,
        null,
        null,
        1,
        1,
        1,
        1,
        null,
        null,
        1,
        1,
        1,
        1,
        null,
        null,
        1,
        1,
        1,
        1,
        null,
        null,
        1,
        1,
        1,
        1,
        null,
        null,
        1,
        1,
        1,
        1,
        null,
        null,
        null,
        1,
        1,
        1,
        1,
        1,
        null,
        null,
        1,
        null,
        1,
        22,
        41,
        null,
        null,
        null
      ],
      "/Users/meaganwaller/rubytic/lib/ai.rb": [
        1,
        1,
        1,
        1,
        null,
        null,
        1,
        14,
        14,
        null,
        null,
        1,
        11,
        11,
        57,
        57,
        null,
        null,
        null,
        1,
        453,
        453,
        453,
        836,
        836,
        836,
        836,
        null,
        453,
        null,
        null,
        1,
        837,
        837,
        443,
        443,
        443,
        443,
        321,
        null,
        76,
        null,
        46,
        null,
        443,
        null,
        837,
        null,
        null,
        1,
        837,
        837,
        837,
        837,
        null,
        null,
        1,
        1600,
        null,
        null
      ],
      "/Users/meaganwaller/rubytic/lib/board.rb": [
        1,
        null,
        1,
        1,
        1,
        null,
        1,
        22,
        22,
        22,
        null,
        null,
        1,
        22,
        22,
        null,
        null,
        1,
        1713,
        1713,
        null,
        null,
        1,
        0,
        null,
        null,
        1,
        21270,
        null,
        null,
        1,
        1674,
        1674,
        1674,
        15066,
        null,
        1674,
        null,
        null,
        1,
        22,
        null,
        null,
        null,
        null,
        null,
        null,
        1,
        1713,
        null,
        null
      ]
    },
    "timestamp": 1377013291
  }
}
