{
  "RSpec": {
    "coverage": {
      "/Users/meaganwaller/rubytic/spec/lib/ai_spec.rb": [
        1,
        1,
        1,
        null,
        1,
        1,
        3,
        3,
        null,
        null,
        1,
        1,
        null,
        null,
        1,
        1,
        1,
        null,
        null,
        1,
        1,
        1,
        null,
        null,
        1,
        1,
        2,
        6,
        null,
        null,
        null
      ],
      "/Users/meaganwaller/rubytic/lib/ai.rb": [
        1,
        1,
        null,
        1,
        3,
        3,
        null,
        null,
        1,
        3,
        3,
        3,
        3,
        null,
        null
      ],
      "/Users/meaganwaller/rubytic/lib/board.rb": [
        1,
        null,
        1,
        1,
        1,
        null,
        1,
        3,
        3,
        3,
        null,
        null,
        1,
        3,
        3,
        null,
        null,
        1,
        6,
        6,
        null,
        null,
        1,
        0,
        null,
        null,
        1,
        60,
        null,
        null,
        1,
        6,
        6,
        6,
        54,
        null,
        6,
        null,
        null,
        1,
        3,
        null,
        null,
        null,
        null,
        null,
        null,
        1,
        6,
        null,
        null
      ]
    },
    "timestamp": 1376604333
  }
}
